c:\users\mateu\desktop\japrojects\motionblurfiltergui\motionblurc\x64\release\motionblurc.pch
c:\users\mateu\desktop\japrojects\motionblurfiltergui\motionblurc\x64\release\vc143.pdb
c:\users\mateu\desktop\japrojects\motionblurfiltergui\motionblurc\x64\release\pch.obj
c:\users\mateu\desktop\japrojects\motionblurfiltergui\motionblurc\x64\release\motionblurc.obj
c:\users\mateu\desktop\japrojects\motionblurfiltergui\motionblurc\x64\release\dllmain.obj
c:\users\mateu\desktop\japrojects\motionblurfiltergui\x64\release\motionblurc.dll
c:\users\mateu\desktop\japrojects\motionblurfiltergui\x64\release\motionblurc.pdb
c:\users\mateu\desktop\japrojects\motionblurfiltergui\motionblurfiltergui\bin\x64\release\net8.0-windows\motionblurc.dll
c:\users\mateu\desktop\japrojects\motionblurfiltergui\motionblurfiltergui\bin\x64\release\net8.0-windows\motionblurc.pdb
c:\users\mateu\desktop\japrojects\motionblurfiltergui\motionblurfiltergui\bin\x64\release\net8.0-windows\motionblurc.lib
c:\users\mateu\desktop\japrojects\motionblurfiltergui\motionblurfiltergui\bin\x64\release\net8.0-windows\motionblurc.exp
c:\users\mateu\desktop\japrojects\motionblurfiltergui\motionblurc\x64\release\motionblurc.ipdb
c:\users\mateu\desktop\japrojects\motionblurfiltergui\motionblurc\x64\release\motionblurc.iobj
c:\users\mateu\desktop\japrojects\motionblurfiltergui\motionblurc\x64\release\motionblurc.tlog\cl.command.1.tlog
c:\users\mateu\desktop\japrojects\motionblurfiltergui\motionblurc\x64\release\motionblurc.tlog\cl.items.tlog
c:\users\mateu\desktop\japrojects\motionblurfiltergui\motionblurc\x64\release\motionblurc.tlog\cl.read.1.tlog
c:\users\mateu\desktop\japrojects\motionblurfiltergui\motionblurc\x64\release\motionblurc.tlog\cl.write.1.tlog
c:\users\mateu\desktop\japrojects\motionblurfiltergui\motionblurc\x64\release\motionblurc.tlog\link.command.1.tlog
c:\users\mateu\desktop\japrojects\motionblurfiltergui\motionblurc\x64\release\motionblurc.tlog\link.read.1.tlog
c:\users\mateu\desktop\japrojects\motionblurfiltergui\motionblurc\x64\release\motionblurc.tlog\link.secondary.1.tlog
c:\users\mateu\desktop\japrojects\motionblurfiltergui\motionblurc\x64\release\motionblurc.tlog\link.write.1.tlog
